Home page accessed by user: AnonymousUser
Home page accessed by user: AnonymousUser
Home page accessed by user: AnonymousUser
Home page accessed by user: AnonymousUser
Home page accessed by user: Rajk0808@
Home page accessed by user: Rajk0808@
Home page accessed by user: Rajk0808@
Home page accessed by user: @Rajk0808
Home page accessed by user: @Rajk0808
Home page accessed by user: @Rajk0808
Home page accessed by user: @Rajk0808
Home page accessed by user: @Rajk0808
Home page accessed by user: @Rajk0808
Home page accessed by user: @Rajk0808
Home page accessed by user: @Rajk0808
Home page accessed by user: @Rajk0808
Home page accessed by user: @Rajk0808
Home page accessed by user: @Rajk0808
Home page accessed by user: @Rajk0808
Home page accessed by user: @Rajk0808
Home page accessed by user: @Rajk0808
Home page accessed by user: @Rajk0808
Home page accessed by user: @Rajk0808
Home page accessed by user: @Rajk0808
Home page accessed by user: @Rajk0808
Home page accessed by user: @Rajk0808
Home page accessed by user: @Rajk0808
Home page accessed by user: @Rajk0808
Home page accessed by user: @Rajk0808
Home page accessed by user: @Rajk0808
Home page accessed by user: @Rajk0808
Home page accessed by user: @Rajk0808
Home page accessed by user: @Rajk0808
Home page accessed by user: @Rajk0808
Home page accessed by user: @Rajk0808
Home page accessed by user: @Rajk0808
Home page accessed by user: @Rajk0808
Home page accessed by user: @Rajk0808
Home page accessed by user: @Rajk0808
Home page accessed by user: @Rajk0808
Home page accessed by user: @Rajk0808
Home page accessed by user: @Rajk0808
Interactive Analysis page opened by user: @Rajk0808
Home page accessed by user: @Rajk0808
Interactive Analysis page opened by user: @Rajk0808
Home page accessed by user: @Rajk0808
Home page accessed by user: @Rajk0808
Interactive Analysis page opened by user: @Rajk0808
Interactive Analysis page opened by user: @Rajk0808
Home page accessed by user: @Rajk0808
Home page accessed by user: @Rajk0808
Home page accessed by user: @Rajk0808
Home page accessed by user: @Rajk0808
Home page accessed by user: @Rajk0808
Home page accessed by user: @Rajk0808
Home page accessed by user: @Rajk0808
Home page accessed by user: @Rajk0808
Home page accessed by user: @Rajk0808
Home page accessed by user: @Rajk0808
Home page accessed by user: @Rajk0808
Home page accessed by user: @Rajk0808
Home page accessed by user: @Rajk0808
Home page accessed by user: @Rajk0808
Home page accessed by user: @Rajk0808
Home page accessed by user: @Rajk0808
Home page accessed by user: @Rajk0808
Home page accessed by user: @Rajk0808
Home page accessed by user: @Rajk0808
Home page accessed by user: @Rajk0808
Home page accessed by user: @Rajk0808
Home page accessed by user: @Rajk0808
Home page accessed by user: @Rajk0808
Home page accessed by user: @Rajk0808
Home page accessed by user: @Rajk0808
Home page accessed by user: @Rajk0808
Home page accessed by user: @Rajk0808
Home page accessed by user: @Rajk0808
Home page accessed by user: @Rajk0808
Home page accessed by user: @Rajk0808
Home page accessed by user: @Rajk0808
Home page accessed by user: @Rajk0808
Home page accessed by user: @Rajk0808
Home page accessed by user: @Rajk0808
Home page accessed by user: @Rajk0808
Home page accessed by user: @Rajk0808
Home page accessed by user: @Rajk0808
Home page accessed by user: @Rajk0808
Home page accessed by user: @Rajk0808
Home page accessed by user: @Rajk0808
Home page accessed by user: @Rajk0808
Interactive Analysis page opened by user: @Rajk0808
Home page accessed by user: AnonymousUser
Home page accessed by user: Rajk0808
Home page accessed by user: Rajk0808
Interactive Analysis page opened by user: Rajk0808
Home page accessed by user: Rajk0808
Interactive Analysis page opened by user: Rajk0808
Home page accessed by user: Rajk0808
Home page accessed by user: Rajk0808
Home page accessed by user: Rajk0808
Home page accessed by user: Rajk0808
Home page accessed by user: Rajk0808
Home page accessed by user: Rajk0808
Home page accessed by user: Rajk0808
Home page accessed by user: Rajk0808
